#
# There is insufficient memory for the Java Runtime Environment to continue.
# Native memory allocation (malloc) failed to allocate 32744 bytes for ChunkPool::allocate
# Possible reasons:
#   The system is out of physical RAM or swap space
#   In 32 bit mode, the process size limit was hit
# Possible solutions:
#   Reduce memory load on the system
#   Increase physical memory or swap space
#   Check if swap backing store is full
#   Use 64 bit Java on a 64 bit OS
#   Decrease Java heap size (-Xmx/-Xms)
#   Decrease number of Java threads
#   Decrease Java thread stack sizes (-Xss)
#   Set larger code cache with -XX:ReservedCodeCacheSize=
# This output file may be truncated or incomplete.
#
#  Out of Memory Error (allocation.cpp:273), pid=7856, tid=0x0000000000000334
#
# JRE version: Java(TM) SE Runtime Environment (8.0_121-b13) (build 1.8.0_121-b13)
# Java VM: Java HotSpot(TM) 64-Bit Server VM (25.121-b13 mixed mode windows-amd64 compressed oops)
# Failed to write core dump. Minidumps are not enabled by default on client versions of Windows
#

---------------  T H R E A D  ---------------

Current thread (0x00000000030f8000):  JavaThread "main" [_thread_in_vm, id=820, stack(0x0000000002f20000,0x0000000003020000)]

Stack: [0x0000000002f20000,0x0000000003020000]
[error occurred during error reporting (printing stack bounds), id 0xc0000005]

Native frames: (J=compiled Java code, j=interpreted, Vv=VM code, C=native code)

Java frames: (J=compiled Java code, j=interpreted, Vv=VM code)
J 660  java.lang.Throwable.fillInStackTrace(I)Ljava/lang/Throwable; (0 bytes) @ 0x00000000033f773b [0x00000000033f7700+0x3b]
J 659 C1 java.lang.Throwable.fillInStackTrace()Ljava/lang/Throwable; (29 bytes) @ 0x00000000033f7ba4 [0x00000000033f7a80+0x124]
J 1826 C1 java.lang.Throwable.<init>(Ljava/lang/String;Ljava/lang/Throwable;)V (39 bytes) @ 0x00000000035e6624 [0x00000000035e6580+0xa4]
J 756 C1 java.lang.ClassNotFoundException.<init>(Ljava/lang/String;)V (7 bytes) @ 0x0000000003420c9c [0x0000000003420c60+0x3c]
J 639 C1 java.net.URLClassLoader.findClass(Ljava/lang/String;)Ljava/lang/Class; (47 bytes) @ 0x00000000033efcd4 [0x00000000033efb80+0x154]
J 1999 C1 java.lang.ClassLoader.loadClass(Ljava/lang/String;Z)Ljava/lang/Class; (122 bytes) @ 0x0000000003626de4 [0x0000000003626ae0+0x304]
J 587 C1 sun.misc.Launcher$AppClassLoader.loadClass(Ljava/lang/String;Z)Ljava/lang/Class; (85 bytes) @ 0x00000000033d7044 [0x00000000033d6d60+0x2e4]
J 585 C1 java.lang.ClassLoader.loadClass(Ljava/lang/String;)Ljava/lang/Class; (7 bytes) @ 0x00000000033d6a24 [0x00000000033d69e0+0x44]
v  ~StubRoutines::call_stub
J 684  java.lang.Class.forName0(Ljava/lang/String;ZLjava/lang/ClassLoader;Ljava/lang/Class;)Ljava/lang/Class; (0 bytes) @ 0x00000000033ffb07 [0x00000000033ffa80+0x87]
J 777 C1 java.lang.Class.forName(Ljava/lang/String;ZLjava/lang/ClassLoader;)Ljava/lang/Class; (53 bytes) @ 0x000000000342b36c [0x000000000342b240+0x12c]
j  org.springframework.boot.web.embedded.tomcat.TomcatEmbeddedWebappClassLoader.loadFromParent(Ljava/lang/String;)Ljava/lang/Class;+15
j  org.springframework.boot.web.embedded.tomcat.TomcatEmbeddedWebappClassLoader.doLoadClass(Ljava/lang/String;)Ljava/lang/Class;+23
j  org.springframework.boot.web.embedded.tomcat.TomcatEmbeddedWebappClassLoader.loadClass(Ljava/lang/String;Z)Ljava/lang/Class;+27
j  org.apache.catalina.loader.WebappClassLoaderBase.loadClass(Ljava/lang/String;)Ljava/lang/Class;+3
v  ~StubRoutines::call_stub
J 684  java.lang.Class.forName0(Ljava/lang/String;ZLjava/lang/ClassLoader;Ljava/lang/Class;)Ljava/lang/Class; (0 bytes) @ 0x00000000033ffb07 [0x00000000033ffa80+0x87]
J 777 C1 java.lang.Class.forName(Ljava/lang/String;ZLjava/lang/ClassLoader;)Ljava/lang/Class; (53 bytes) @ 0x000000000342b36c [0x000000000342b240+0x12c]
j  com.sun.beans.finder.ClassFinder.findClass(Ljava/lang/String;)Ljava/lang/Class;+26
j  com.sun.beans.finder.ClassFinder.findClass(Ljava/lang/String;Ljava/lang/ClassLoader;)Ljava/lang/Class;+21
j  java.beans.Introspector.findCustomizerClass(Ljava/lang/Class;)Ljava/lang/Class;+28
j  java.beans.Introspector.getTargetBeanDescriptor()Ljava/beans/BeanDescriptor;+35
j  java.beans.Introspector.getBeanInfo()Ljava/beans/BeanInfo;+1
j  java.beans.Introspector.getBeanInfo(Ljava/lang/Class;Ljava/lang/Class;I)Ljava/beans/BeanInfo;+27
j  java.beans.Introspector.getBeanInfo(Ljava/lang/Class;I)Ljava/beans/BeanInfo;+3
j  org.springframework.beans.CachedIntrospectionResults.getBeanInfo(Ljava/lang/Class;)Ljava/beans/BeanInfo;+53
j  org.springframework.beans.CachedIntrospectionResults.introspectInterfaces(Ljava/lang/Class;Ljava/lang/Class;)V+35
j  org.springframework.beans.CachedIntrospectionResults.<init>(Ljava/lang/Class;)V+370
j  org.springframework.beans.CachedIntrospectionResults.forClass(Ljava/lang/Class;)Lorg/springframework/beans/CachedIntrospectionResults;+43
j  org.springframework.beans.BeanWrapperImpl.getCachedIntrospectionResults()Lorg/springframework/beans/CachedIntrospectionResults;+12
j  org.springframework.beans.BeanWrapperImpl.getPropertyDescriptors()[Ljava/beans/PropertyDescriptor;+1
j  org.springframework.beans.factory.support.AbstractAutowireCapableBeanFactory.filterPropertyDescriptorsForDependencyCheck(Lorg/springframework/beans/BeanWrapper;)[Ljava/beans/PropertyDescriptor;+5
j  org.springframework.beans.factory.support.AbstractAutowireCapableBeanFactory.filterPropertyDescriptorsForDependencyCheck(Lorg/springframework/beans/BeanWrapper;Z)[Ljava/beans/PropertyDescriptor;+25
j  org.springframework.beans.factory.support.AbstractAutowireCapableBeanFactory.populateBean(Ljava/lang/String;Lorg/springframework/beans/factory/support/RootBeanDefinition;Lorg/springframework/beans/BeanWrapper;)V+328
j  org.springframework.beans.factory.support.AbstractAutowireCapableBeanFactory.doCreateBean(Ljava/lang/String;Lorg/springframework/beans/factory/support/RootBeanDefinition;[Ljava/lang/Object;)Ljava/lang/Object;+237
j  org.springframework.beans.factory.support.AbstractAutowireCapableBeanFactory.createBean(Ljava/lang/String;Lorg/springframework/beans/factory/support/RootBeanDefinition;[Ljava/lang/Object;)Ljava/lang/Object;+169
j  org.springframework.beans.factory.support.AbstractBeanFactory.lambda$doGetBean$0(Ljava/lang/String;Lorg/springframework/beans/factory/support/RootBeanDefinition;[Ljava/lang/Object;)Ljava/lang/Object;+4
j  org.springframework.beans.factory.support.AbstractBeanFactory$$Lambda$121.getObject()Ljava/lang/Object;+16
j  org.springframework.beans.factory.support.DefaultSingletonBeanRegistry.getSingleton(Ljava/lang/String;Lorg/springframework/beans/factory/ObjectFactory;)Ljava/lang/Object;+132
J 2488 C1 org.springframework.beans.factory.support.AbstractBeanFactory.doGetBean(Ljava/lang/String;Ljava/lang/Class;[Ljava/lang/Object;Z)Ljava/lang/Object; (833 bytes) @ 0x000000000373ae8c [0x000000000373a8c0+0x5cc]
j  org.springframework.beans.factory.support.AbstractBeanFactory.getBean(Ljava/lang/String;)Ljava/lang/Object;+5
j  org.springframework.beans.factory.config.DependencyDescriptor.resolveCandidate(Ljava/lang/String;Ljava/lang/Class;Lorg/springframework/beans/factory/BeanFactory;)Ljava/lang/Object;+2
j  org.springframework.beans.factory.support.DefaultListableBeanFactory.addCandidateEntry(Ljava/util/Map;Ljava/lang/String;Lorg/springframework/beans/factory/config/DependencyDescriptor;Ljava/lang/Class;)V+68
j  org.springframework.beans.factory.support.DefaultListableBeanFactory.findAutowireCandidates(Ljava/lang/String;Ljava/lang/Class;Lorg/springframework/beans/factory/config/DependencyDescriptor;)Ljava/util/Map;+183
j  org.springframework.beans.factory.support.DefaultListableBeanFactory.resolveMultipleBeans(Lorg/springframework/beans/factory/config/DependencyDescriptor;Ljava/lang/String;Ljava/util/Set;Lorg/springframework/beans/TypeConverter;)Ljava/lang/Object;+18
j  org.springframework.beans.factory.support.DefaultListableBeanFactory.doResolveDependency(Lorg/springframework/beans/factory/config/DependencyDescriptor;Ljava/lang/String;Ljava/util/Set;Lorg/springframework/beans/TypeConverter;)Ljava/lang/Object;+207
j  org.springframework.beans.factory.support.DefaultListableBeanFactory$DependencyObjectProvider.resolveStream(Z)Ljava/util/stream/Stream;+24
j  org.springframework.beans.factory.support.DefaultListableBeanFactory$DependencyObjectProvider.orderedStream()Ljava/util/stream/Stream;+2
j  org.springframework.boot.actuate.autoconfigure.metrics.MeterRegistryConfigurer.addBinders(Lio/micrometer/core/instrument/MeterRegistry;)V+4
j  org.springframework.boot.actuate.autoconfigure.metrics.MeterRegistryConfigurer.configure(Lio/micrometer/core/instrument/MeterRegistry;)V+12
j  org.springframework.boot.actuate.autoconfigure.metrics.MeterRegistryPostProcessor.postProcessAfterInitialization(Ljava/lang/Object;Ljava/lang/String;)Ljava/lang/Object;+15
j  org.springframework.beans.factory.support.AbstractAutowireCapableBeanFactory.applyBeanPostProcessorsAfterInitialization(Ljava/lang/Object;Ljava/lang/String;)Ljava/lang/Object;+39
j  org.springframework.beans.factory.support.AbstractAutowireCapableBeanFactory.initializeBean(Ljava/lang/String;Ljava/lang/Object;Lorg/springframework/beans/factory/support/RootBeanDefinition;)Ljava/lang/Object;+108
j  org.springframework.beans.factory.support.AbstractAutowireCapableBeanFactory.doCreateBean(Ljava/lang/String;Lorg/springframework/beans/factory/support/RootBeanDefinition;[Ljava/lang/Object;)Ljava/lang/Object;+245
j  org.springframework.beans.factory.support.AbstractAutowireCapableBeanFactory.createBean(Ljava/lang/String;Lorg/springframework/beans/factory/support/RootBeanDefinition;[Ljava/lang/Object;)Ljava/lang/Object;+169
j  org.springframework.beans.factory.support.AbstractBeanFactory.lambda$doGetBean$0(Ljava/lang/String;Lorg/springframework/beans/factory/support/RootBeanDefinition;[Ljava/lang/Object;)Ljava/lang/Object;+4
j  org.springframework.beans.factory.support.AbstractBeanFactory$$Lambda$121.getObject()Ljava/lang/Object;+16
j  org.springframework.beans.factory.support.DefaultSingletonBeanRegistry.getSingleton(Ljava/lang/String;Lorg/springframework/beans/factory/ObjectFactory;)Ljava/lang/Object;+132
J 2488 C1 org.springframework.beans.factory.support.AbstractBeanFactory.doGetBean(Ljava/lang/String;Ljava/lang/Class;[Ljava/lang/Object;Z)Ljava/lang/Object; (833 bytes) @ 0x000000000373ae8c [0x000000000373a8c0+0x5cc]
j  org.springframework.beans.factory.support.AbstractBeanFactory.getBean(Ljava/lang/String;)Ljava/lang/Object;+5
j  org.springframework.beans.factory.config.DependencyDescriptor.resolveCandidate(Ljava/lang/String;Ljava/lang/Class;Lorg/springframework/beans/factory/BeanFactory;)Ljava/lang/Object;+2
j  org.springframework.beans.factory.support.DefaultListableBeanFactory.doResolveDependency(Lorg/springframework/beans/factory/config/DependencyDescriptor;Ljava/lang/String;Ljava/util/Set;Lorg/springframework/beans/TypeConverter;)Ljava/lang/Object;+440
j  org.springframework.beans.factory.support.DefaultListableBeanFactory.resolveDependency(Lorg/springframework/beans/factory/config/DependencyDescriptor;Ljava/lang/String;Ljava/util/Set;Lorg/springframework/beans/TypeConverter;)Ljava/lang/Object;+108
j  org.springframework.beans.factory.support.ConstructorResolver.resolveAutowiredArgument(Lorg/springframework/core/MethodParameter;Ljava/lang/String;Ljava/util/Set;Lorg/springframework/beans/TypeConverter;Z)Ljava/lang/Object;+79
j  org.springframework.beans.factory.support.ConstructorResolver.createArgumentArray(Ljava/lang/String;Lorg/springframework/beans/factory/support/RootBeanDefinition;Lorg/springframework/beans/factory/config/ConstructorArgumentValues;Lorg/springframework/beans/BeanWrapper;[Ljava/lang/Class;[Ljava/lang/String;Ljava/lang/reflect/Executable;ZZ)Lorg/springframework/beans/factory/support/ConstructorResolver$ArgumentsHolder;+434
j  org.springframework.beans.factory.support.ConstructorResolver.instantiateUsingFactoryMethod(Ljava/lang/String;Lorg/springframework/beans/factory/support/RootBeanDefinition;[Ljava/lang/Object;)Lorg/springframework/beans/BeanWrapper;+674
j  org.springframework.beans.factory.support.AbstractAutowireCapableBeanFactory.instantiateUsingFactoryMethod(Ljava/lang/String;Lorg/springframework/beans/factory/support/RootBeanDefinition;[Ljava/lang/Object;)Lorg/springframework/beans/BeanWrapper;+11
j  org.springframework.beans.factory.support.AbstractAutowireCapableBeanFactory.createBeanInstance(Ljava/lang/String;Lorg/springframework/beans/factory/support/RootBeanDefinition;[Ljava/lang/Object;)Lorg/springframework/beans/BeanWrapper;+101
j  org.springframework.beans.factory.support.AbstractAutowireCapableBeanFactory.doCreateBean(Ljava/lang/String;Lorg/springframework/beans/factory/support/RootBeanDefinition;[Ljava/lang/Object;)Ljava/lang/Object;+34
j  org.springframework.beans.factory.support.AbstractAutowireCapableBeanFactory.createBean(Ljava/lang/String;Lorg/springframework/beans/factory/support/RootBeanDefinition;[Ljava/lang/Object;)Ljava/lang/Object;+169
j  org.springframework.beans.factory.support.AbstractBeanFactory.lambda$doGetBean$0(Ljava/lang/String;Lorg/springframework/beans/factory/support/RootBeanDefinition;[Ljava/lang/Object;)Ljava/lang/Object;+4
j  org.springframework.beans.factory.support.AbstractBeanFactory$$Lambda$121.getObject()Ljava/lang/Object;+16
j  org.springframework.beans.factory.support.DefaultSingletonBeanRegistry.getSingleton(Ljava/lang/String;Lorg/springframework/beans/factory/ObjectFactory;)Ljava/lang/Object;+132
J 2488 C1 org.springframework.beans.factory.support.AbstractBeanFactory.doGetBean(Ljava/lang/String;Ljava/lang/Class;[Ljava/lang/Object;Z)Ljava/lang/Object; (833 bytes) @ 0x000000000373ae8c [0x000000000373a8c0+0x5cc]
J 2533 C1 org.springframework.beans.factory.support.AbstractBeanFactory.getBean(Ljava/lang/String;Ljava/lang/Class;)Ljava/lang/Object; (9 bytes) @ 0x0000000003755824 [0x00000000037557e0+0x44]
j  org.springframework.boot.web.servlet.ServletContextInitializerBeans.getOrderedBeansOfType(Lorg/springframework/beans/factory/ListableBeanFactory;Ljava/lang/Class;Ljava/util/Set;)Ljava/util/List;+69
j  org.springframework.boot.web.servlet.ServletContextInitializerBeans.getOrderedBeansOfType(Lorg/springframework/beans/factory/ListableBeanFactory;Ljava/lang/Class;)Ljava/util/List;+6
j  org.springframework.boot.web.servlet.ServletContextInitializerBeans.addServletContextInitializerBeans(Lorg/springframework/beans/factory/ListableBeanFactory;)V+32
j  org.springframework.boot.web.servlet.ServletContextInitializerBeans.<init>(Lorg/springframework/beans/factory/ListableBeanFactory;[Ljava/lang/Class;)V+49
j  org.springframework.boot.web.servlet.context.ServletWebServerApplicationContext.getServletContextInitializerBeans()Ljava/util/Collection;+12
j  org.springframework.boot.web.servlet.context.ServletWebServerApplicationContext.selfInitialize(Ljavax/servlet/ServletContext;)V+19
j  org.springframework.boot.web.servlet.context.ServletWebServerApplicationContext$$Lambda$355.onStartup(Ljavax/servlet/ServletContext;)V+5
j  org.springframework.boot.web.embedded.tomcat.TomcatStarter.onStartup(Ljava/util/Set;Ljavax/servlet/ServletContext;)V+28
j  org.apache.catalina.core.StandardContext.startInternal()V+1129
j  org.apache.catalina.util.LifecycleBase.start()V+210
j  org.apache.catalina.core.ContainerBase$StartChild.call()Ljava/lang/Void;+4
j  org.apache.catalina.core.ContainerBase$StartChild.call()Ljava/lang/Object;+1
j  java.util.concurrent.FutureTask.run()V+42
j  org.apache.tomcat.util.threads.InlineExecutorService.execute(Ljava/lang/Runnable;)V+38
j  java.util.concurrent.AbstractExecutorService.submit(Ljava/util/concurrent/Callable;)Ljava/util/concurrent/Future;+20
j  org.apache.catalina.core.ContainerBase.startInternal()V+93
j  org.apache.catalina.core.StandardHost.startInternal()V+153
j  org.apache.catalina.util.LifecycleBase.start()V+210
j  org.apache.catalina.core.ContainerBase$StartChild.call()Ljava/lang/Void;+4
j  org.apache.catalina.core.ContainerBase$StartChild.call()Ljava/lang/Object;+1
j  java.util.concurrent.FutureTask.run()V+42
j  org.apache.tomcat.util.threads.InlineExecutorService.execute(Ljava/lang/Runnable;)V+38
j  java.util.concurrent.AbstractExecutorService.submit(Ljava/util/concurrent/Callable;)Ljava/util/concurrent/Future;+20
j  org.apache.catalina.core.ContainerBase.startInternal()V+93
j  org.apache.catalina.core.StandardEngine.startInternal()V+38
j  org.apache.catalina.util.LifecycleBase.start()V+210
j  org.apache.catalina.core.StandardService.startInternal()V+63
j  org.apache.catalina.util.LifecycleBase.start()V+210
j  org.apache.catalina.core.StandardServer.startInternal()V+45
j  org.apache.catalina.util.LifecycleBase.start()V+210
j  org.apache.catalina.startup.Tomcat.start()V+9
j  org.springframework.boot.web.embedded.tomcat.TomcatWebServer.initialize()V+64
j  org.springframework.boot.web.embedded.tomcat.TomcatWebServer.<init>(Lorg/apache/catalina/startup/Tomcat;Z)V+43
j  org.springframework.boot.web.embedded.tomcat.TomcatServletWebServerFactory.getTomcatWebServer(Lorg/apache/catalina/startup/Tomcat;)Lorg/springframework/boot/web/embedded/tomcat/TomcatWebServer;+17
j  org.springframework.boot.web.embedded.tomcat.TomcatServletWebServerFactory.getWebServer([Lorg/springframework/boot/web/servlet/ServletContextInitializer;)Lorg/springframework/boot/web/server/WebServer;+149
j  org.springframework.boot.web.servlet.context.ServletWebServerApplicationContext.createWebServer()V+36
j  org.springframework.boot.web.servlet.context.ServletWebServerApplicationContext.onRefresh()V+5
j  org.springframework.context.support.AbstractApplicationContext.refresh()V+45
j  org.springframework.boot.web.servlet.context.ServletWebServerApplicationContext.refresh()V+1
j  org.springframework.boot.SpringApplication.refresh(Lorg/springframework/context/ApplicationContext;)V+10
j  org.springframework.boot.SpringApplication.refreshContext(Lorg/springframework/context/ConfigurableApplicationContext;)V+2
j  org.springframework.boot.SpringApplication.run([Ljava/lang/String;)Lorg/springframework/context/ConfigurableApplicationContext;+118
j  org.springframework.boot.SpringApplication.run([Ljava/lang/Class;[Ljava/lang/String;)Lorg/springframework/context/ConfigurableApplicationContext;+9
j  org.springframework.boot.SpringApplication.run(Ljava/lang/Class;[Ljava/lang/String;)Lorg/springframework/context/ConfigurableApplicationContext;+9
j  com.moneymoney.web.WebsiteApplication.main([Ljava/lang/String;)V+3
v  ~StubRoutines::call_stub

---------------  P R O C E S S  ---------------

Java Threads: ( => current thread )
  0x000000001b7df800 JavaThread "Keep-Alive-Timer" daemon [_thread_blocked, id=25164, stack(0x000000001cc70000,0x000000001cd70000)]
  0x000000001a173000 JavaThread "JMX server connection timeout 17" daemon [_thread_blocked, id=27548, stack(0x000000001aea0000,0x000000001afa0000)]
  0x000000001a170800 JavaThread "RMI TCP Connection(2)-127.0.0.1" daemon [_thread_in_native, id=13104, stack(0x000000001ada0000,0x000000001aea0000)]
  0x000000001a16f800 JavaThread "RMI Scheduler(0)" daemon [_thread_blocked, id=21000, stack(0x000000001aca0000,0x000000001ada0000)]
  0x000000001a16f000 JavaThread "RMI TCP Connection(1)-127.0.0.1" daemon [_thread_in_native, id=9604, stack(0x000000001a9a0000,0x000000001aaa0000)]
  0x000000001a0b7000 JavaThread "RMI TCP Accept-0" daemon [_thread_in_native, id=12456, stack(0x000000001a660000,0x000000001a760000)]
  0x000000001a0ab000 JavaThread "RMI TCP Accept-61324" daemon [_thread_in_native, id=21844, stack(0x000000001a560000,0x000000001a660000)]
  0x000000001a09f000 JavaThread "RMI TCP Accept-0" daemon [_thread_in_native, id=22568, stack(0x000000001a460000,0x000000001a560000)]
  0x0000000017e6e800 JavaThread "Service Thread" daemon [_thread_blocked, id=10596, stack(0x0000000019b60000,0x0000000019c60000)]
  0x0000000017e1c800 JavaThread "C1 CompilerThread2" daemon [_thread_blocked, id=13772, stack(0x0000000019660000,0x0000000019760000)]
  0x0000000017e1a000 JavaThread "C2 CompilerThread1" daemon [_thread_blocked, id=16840, stack(0x0000000019560000,0x0000000019660000)]
  0x0000000017e18000 JavaThread "C2 CompilerThread0" daemon [_thread_blocked, id=1408, stack(0x0000000019460000,0x0000000019560000)]
  0x0000000017e17000 JavaThread "Attach Listener" daemon [_thread_blocked, id=1864, stack(0x0000000019360000,0x0000000019460000)]
  0x0000000017e16000 JavaThread "Signal Dispatcher" daemon [_thread_blocked, id=15624, stack(0x0000000019260000,0x0000000019360000)]
  0x00000000031ed800 JavaThread "Finalizer" daemon [_thread_blocked, id=22840, stack(0x0000000019070000,0x0000000019170000)]
  0x0000000017dd8800 JavaThread "Reference Handler" daemon [_thread_blocked, id=23624, stack(0x0000000018f70000,0x0000000019070000)]
=>0x00000000030f8000 JavaThread "main" [_thread_in_vm, id=820, stack(0x0000000002f20000,0x0000000003020000)]

Other Threads:
  0x0000000017dd7800 VMThread [stack: 0x0000000018e70000,0x0000000018f70000] [id=1144]
  0x000000001a0b9000 WatcherThread [stack: 0x000000001a760000,0x000000001a860000] [id=18080]

VM state:not at safepoint (normal execution)

VM Mutex/Monitor currently owned by a thread: None

Heap:
 PSYoungGen      total 62976K, used 36584K [0x00000000d5580000, 0x00000000d9d80000, 0x0000000100000000)
  eden space 56320K, 64% used [0x00000000d5580000,0x00000000d793a328,0x00000000d8c80000)
  from space 6656K, 0% used [0x00000000d9700000,0x00000000d9700000,0x00000000d9d80000)
  to   space 8704K, 0% used [0x00000000d8c80000,0x00000000d8c80000,0x00000000d9500000)
 ParOldGen       total 51200K, used 23159K [0x0000000080000000, 0x0000000083200000, 0x00000000d5580000)
  object space 51200K, 45% used [0x0000000080000000,0x000000008169dd08,0x0000000083200000)
 Metaspace       used 34370K, capacity 35876K, committed 36056K, reserved 1083392K
  class space    used 4698K, capacity 5003K, committed 5120K, reserved 1048576K

Card table byte_map: [0x00000000125b0000,0x00000000129c0000] byte_map_base: 0x00000000121b0000

Marking Bits: (ParMarkBitMap*) 0x0000000075fdb6d0
 Begin Bits: [0x0000000013070000, 0x0000000015070000)
 End Bits:   [0x0000000015070000, 0x0000000017070000)

Polling page: 0x0000000002db0000

CodeCache: size=245760Kb used=7889Kb max_used=7889Kb free=237870Kb
 bounds [0x00000000031f0000, 0x00000000039b0000, 0x00000000121f0000]
 total_blobs=4207 nmethods=3759 adapters=361
 compilation: enabled

Compilation events (10 events):
Event: 7.688 Thread 0x0000000017e1c800 nmethod 3752 0x000000000399ac50 code [0x000000000399ada0, 0x000000000399af30]
Event: 7.688 Thread 0x0000000017e1c800 3753       1       org.springframework.cglib.core.EmitUtils$14::processCase (53 bytes)
Event: 7.688 Thread 0x0000000017e1c800 nmethod 3753 0x000000000399af90 code [0x000000000399b100, 0x000000000399b438]
Event: 7.688 Thread 0x0000000017e1c800 3754       1       org.springframework.cglib.core.CodeEmitter::invoke (92 bytes)
Event: 7.688 Thread 0x0000000017e1c800 nmethod 3754 0x000000000399b5d0 code [0x000000000399b7a0, 0x000000000399bb18]
Event: 7.689 Thread 0x0000000017e1c800 3755       1       java.lang.reflect.AccessibleObject::getDeclaredAnnotation (6 bytes)
Event: 7.689 Thread 0x0000000017e1c800 nmethod 3755 0x000000000399bdd0 code [0x000000000399bf20, 0x000000000399c048]
Event: 7.694 Thread 0x0000000017e1c800 3756       1       java.lang.invoke.LambdaForm$DMH/1608446010::invokeStatic_L4_L (20 bytes)
Event: 7.694 Thread 0x0000000017e1c800 nmethod 3756 0x000000000399c0d0 code [0x000000000399c240, 0x000000000399c3b8]
Event: 7.709 Thread 0x0000000017e1c800 3757       1       java.beans.Introspector::getTargetEventInfo (1082 bytes)

GC Heap History (10 events):
Event: 5.364 GC heap before
{Heap before GC invocations=8 (full 1):
 PSYoungGen      total 62976K, used 61580K [0x00000000d5580000, 0x00000000d9d80000, 0x0000000100000000)
  eden space 56320K, 100% used [0x00000000d5580000,0x00000000d8c80000,0x00000000d8c80000)
  from space 6656K, 79% used [0x00000000d9700000,0x00000000d9c231a8,0x00000000d9d80000)
  to   space 8704K, 0% used [0x00000000d8c80000,0x00000000d8c80000,0x00000000d9500000)
 ParOldGen       total 51200K, used 6847K [0x0000000080000000, 0x0000000083200000, 0x00000000d5580000)
  object space 51200K, 13% used [0x0000000080000000,0x00000000806afce8,0x0000000083200000)
 Metaspace       used 26098K, capacity 27130K, committed 27264K, reserved 1073152K
  class space    used 3574K, capacity 3842K, committed 3968K, reserved 1048576K
Event: 5.383 GC heap after
Heap after GC invocations=8 (full 1):
 PSYoungGen      total 65024K, used 8685K [0x00000000d5580000, 0x00000000d9d80000, 0x0000000100000000)
  eden space 56320K, 0% used [0x00000000d5580000,0x00000000d5580000,0x00000000d8c80000)
  from space 8704K, 99% used [0x00000000d8c80000,0x00000000d94fb570,0x00000000d9500000)
  to   space 6656K, 0% used [0x00000000d9700000,0x00000000d9700000,0x00000000d9d80000)
 ParOldGen       total 51200K, used 7653K [0x0000000080000000, 0x0000000083200000, 0x00000000d5580000)
  object space 51200K, 14% used [0x0000000080000000,0x0000000080779700,0x0000000083200000)
 Metaspace       used 26098K, capacity 27130K, committed 27264K, reserved 1073152K
  class space    used 3574K, capacity 3842K, committed 3968K, reserved 1048576K
}
Event: 6.003 GC heap before
{Heap before GC invocations=9 (full 1):
 PSYoungGen      total 65024K, used 65005K [0x00000000d5580000, 0x00000000d9d80000, 0x0000000100000000)
  eden space 56320K, 100% used [0x00000000d5580000,0x00000000d8c80000,0x00000000d8c80000)
  from space 8704K, 99% used [0x00000000d8c80000,0x00000000d94fb570,0x00000000d9500000)
  to   space 6656K, 0% used [0x00000000d9700000,0x00000000d9700000,0x00000000d9d80000)
 ParOldGen       total 51200K, used 7653K [0x0000000080000000, 0x0000000083200000, 0x00000000d5580000)
  object space 51200K, 14% used [0x0000000080000000,0x0000000080779700,0x0000000083200000)
 Metaspace       used 28835K, capacity 29880K, committed 30208K, reserved 1075200K
  class space    used 3989K, capacity 4247K, committed 4352K, reserved 1048576K
Event: 6.018 GC heap after
Heap after GC invocations=9 (full 1):
 PSYoungGen      total 62976K, used 6644K [0x00000000d5580000, 0x00000000d9d80000, 0x0000000100000000)
  eden space 56320K, 0% used [0x00000000d5580000,0x00000000d5580000,0x00000000d8c80000)
  from space 6656K, 99% used [0x00000000d9700000,0x00000000d9d7d030,0x00000000d9d80000)
  to   space 8704K, 0% used [0x00000000d8c80000,0x00000000d8c80000,0x00000000d9500000)
 ParOldGen       total 51200K, used 12316K [0x0000000080000000, 0x0000000083200000, 0x00000000d5580000)
  object space 51200K, 24% used [0x0000000080000000,0x0000000080c07168,0x0000000083200000)
 Metaspace       used 28835K, capacity 29880K, committed 30208K, reserved 1075200K
  class space    used 3989K, capacity 4247K, committed 4352K, reserved 1048576K
}
Event: 6.533 GC heap before
{Heap before GC invocations=10 (full 1):
 PSYoungGen      total 62976K, used 62964K [0x00000000d5580000, 0x00000000d9d80000, 0x0000000100000000)
  eden space 56320K, 100% used [0x00000000d5580000,0x00000000d8c80000,0x00000000d8c80000)
  from space 6656K, 99% used [0x00000000d9700000,0x00000000d9d7d030,0x00000000d9d80000)
  to   space 8704K, 0% used [0x00000000d8c80000,0x00000000d8c80000,0x00000000d9500000)
 ParOldGen       total 51200K, used 12316K [0x0000000080000000, 0x0000000083200000, 0x00000000d5580000)
  object space 51200K, 24% used [0x0000000080000000,0x0000000080c07168,0x0000000083200000)
 Metaspace       used 30823K, capacity 32294K, committed 32512K, reserved 1077248K
  class space    used 4266K, capacity 4584K, committed 4608K, reserved 1048576K
Event: 6.546 GC heap after
Heap after GC invocations=10 (full 1):
 PSYoungGen      total 65024K, used 7799K [0x00000000d5580000, 0x00000000d9d80000, 0x0000000100000000)
  eden space 56320K, 0% used [0x00000000d5580000,0x00000000d5580000,0x00000000d8c80000)
  from space 8704K, 89% used [0x00000000d8c80000,0x00000000d941dcb8,0x00000000d9500000)
  to   space 6656K, 0% used [0x00000000d9700000,0x00000000d9700000,0x00000000d9d80000)
 ParOldGen       total 51200K, used 14897K [0x0000000080000000, 0x0000000083200000, 0x00000000d5580000)
  object space 51200K, 29% used [0x0000000080000000,0x0000000080e8c4e8,0x0000000083200000)
 Metaspace       used 30823K, capacity 32294K, committed 32512K, reserved 1077248K
  class space    used 4266K, capacity 4584K, committed 4608K, reserved 1048576K
}
Event: 7.294 GC heap before
{Heap before GC invocations=11 (full 1):
 PSYoungGen      total 65024K, used 61865K [0x00000000d5580000, 0x00000000d9d80000, 0x0000000100000000)
  eden space 56320K, 95% used [0x00000000d5580000,0x00000000d8a4c950,0x00000000d8c80000)
  from space 8704K, 89% used [0x00000000d8c80000,0x00000000d941dcb8,0x00000000d9500000)
  to   space 6656K, 0% used [0x00000000d9700000,0x00000000d9700000,0x00000000d9d80000)
 ParOldGen       total 51200K, used 14897K [0x0000000080000000, 0x0000000083200000, 0x00000000d5580000)
  object space 51200K, 29% used [0x0000000080000000,0x0000000080e8c4e8,0x0000000083200000)
 Metaspace       used 33873K, capacity 35322K, committed 35416K, reserved 1083392K
  class space    used 4631K, capacity 4956K, committed 4992K, reserved 1048576K
Event: 7.311 GC heap after
Heap after GC invocations=11 (full 1):
 PSYoungGen      total 62976K, used 6649K [0x00000000d5580000, 0x00000000d9d80000, 0x0000000100000000)
  eden space 56320K, 0% used [0x00000000d5580000,0x00000000d5580000,0x00000000d8c80000)
  from space 6656K, 99% used [0x00000000d9700000,0x00000000d9d7e480,0x00000000d9d80000)
  to   space 8704K, 0% used [0x00000000d8c80000,0x00000000d8c80000,0x00000000d9500000)
 ParOldGen       total 51200K, used 22654K [0x0000000080000000, 0x0000000083200000, 0x00000000d5580000)
  object space 51200K, 44% used [0x0000000080000000,0x000000008161fa28,0x0000000083200000)
 Metaspace       used 33873K, capacity 35322K, committed 35416K, reserved 1083392K
  class space    used 4631K, capacity 4956K, committed 4992K, reserved 1048576K
}
Event: 7.311 GC heap before
{Heap before GC invocations=12 (full 2):
 PSYoungGen      total 62976K, used 6649K [0x00000000d5580000, 0x00000000d9d80000, 0x0000000100000000)
  eden space 56320K, 0% used [0x00000000d5580000,0x00000000d5580000,0x00000000d8c80000)
  from space 6656K, 99% used [0x00000000d9700000,0x00000000d9d7e480,0x00000000d9d80000)
  to   space 8704K, 0% used [0x00000000d8c80000,0x00000000d8c80000,0x00000000d9500000)
 ParOldGen       total 51200K, used 22654K [0x0000000080000000, 0x0000000083200000, 0x00000000d5580000)
  object space 51200K, 44% used [0x0000000080000000,0x000000008161fa28,0x0000000083200000)
 Metaspace       used 33873K, capacity 35322K, committed 35416K, reserved 1083392K
  class space    used 4631K, capacity 4956K, committed 4992K, reserved 1048576K
Event: 7.414 GC heap after
Heap after GC invocations=12 (full 2):
 PSYoungGen      total 62976K, used 0K [0x00000000d5580000, 0x00000000d9d80000, 0x0000000100000000)
  eden space 56320K, 0% used [0x00000000d5580000,0x00000000d5580000,0x00000000d8c80000)
  from space 6656K, 0% used [0x00000000d9700000,0x00000000d9700000,0x00000000d9d80000)
  to   space 8704K, 0% used [0x00000000d8c80000,0x00000000d8c80000,0x00000000d9500000)
 ParOldGen       total 51200K, used 23159K [0x0000000080000000, 0x0000000083200000, 0x00000000d5580000)
  object space 51200K, 45% used [0x0000000080000000,0x000000008169dd08,0x0000000083200000)
 Metaspace       used 33873K, capacity 35322K, committed 35416K, reserved 1083392K
  class space    used 4631K, capacity 4956K, committed 4992K, reserved 1048576K
}

Deoptimization events (0 events):
No events

Internal exceptions (10 events):
Event: 7.697 Thread 0x00000000030f8000 Exception <a 'java/lang/ClassNotFoundException': org/springframework/boot/actuate/autoconfigure/metrics/JvmMetricsAutoConfigurationCustomizer> (0x00000000d7675a00) thrown at [C:\re\workspace\8-2-build-windows-amd64-cygwin\jdk8u121\8372\hotspot\src\share\v
Event: 7.699 Thread 0x00000000030f8000 Exception <a 'java/lang/ClassNotFoundException': org/springframework/boot/actuate/autoconfigure/metrics/JvmMetricsAutoConfiguration$$EnhancerBySpringCGLIB$$c6625ae8Customizer> (0x00000000d76b6020) thrown at [C:\re\workspace\8-2-build-windows-amd64-cygwin\
Event: 7.700 Thread 0x00000000030f8000 Exception <a 'java/lang/ClassNotFoundException': org/springframework/context/annotation/ConfigurationClassEnhancer$EnhancedConfigurationCustomizer> (0x00000000d76f24f0) thrown at [C:\re\workspace\8-2-build-windows-amd64-cygwin\jdk8u121\8372\hotspot\src\sh
Event: 7.701 Thread 0x00000000030f8000 Exception <a 'java/lang/ClassNotFoundException': org/springframework/beans/factory/BeanFactoryAwareCustomizer> (0x00000000d7715a70) thrown at [C:\re\workspace\8-2-build-windows-amd64-cygwin\jdk8u121\8372\hotspot\src\share\vm\classfile\systemDictionary.cpp
Event: 7.702 Thread 0x00000000030f8000 Exception <a 'java/lang/ClassNotFoundException': org/springframework/beans/factory/AwareCustomizer> (0x00000000d7735ac0) thrown at [C:\re\workspace\8-2-build-windows-amd64-cygwin\jdk8u121\8372\hotspot\src\share\vm\classfile\systemDictionary.cpp, line 210]
Event: 7.706 Thread 0x00000000030f8000 Exception <a 'java/lang/ClassNotFoundException': java/lang/ObjectCustomizer> (0x00000000d77b2788) thrown at [C:\re\workspace\8-2-build-windows-amd64-cygwin\jdk8u121\8372\hotspot\src\share\vm\classfile\systemDictionary.cpp, line 210]
Event: 7.707 Thread 0x00000000030f8000 Exception <a 'java/lang/ClassNotFoundException': io/micrometer/core/instrument/binder/jvm/JvmGcMetricsCustomizer> (0x00000000d77daa40) thrown at [C:\re\workspace\8-2-build-windows-amd64-cygwin\jdk8u121\8372\hotspot\src\share\vm\classfile\systemDictionary.
Event: 7.709 Thread 0x00000000030f8000 Exception <a 'java/lang/ClassNotFoundException': io/micrometer/core/instrument/binder/MeterBinderCustomizer> (0x00000000d77fee70) thrown at [C:\re\workspace\8-2-build-windows-amd64-cygwin\jdk8u121\8372\hotspot\src\share\vm\classfile\systemDictionary.cpp, 
Event: 7.710 Thread 0x00000000030f8000 Exception <a 'java/lang/ClassNotFoundException': java/lang/ObjectCustomizer> (0x00000000d7813000) thrown at [C:\re\workspace\8-2-build-windows-amd64-cygwin\jdk8u121\8372\hotspot\src\share\vm\classfile\systemDictionary.cpp, line 210]
Event: 7.712 Thread 0x00000000030f8000 Exception <a 'java/lang/ClassNotFoundException': io/micrometer/core/instrument/binder/jvm/JvmMemoryMetricsCustomizer> (0x00000000d783d3b8) thrown at [C:\re\workspace\8-2-build-windows-amd64-cygwin\jdk8u121\8372\hotspot\src\share\vm\classfile\systemDiction

Events (10 events):
Event: 7.710 loading class io/micrometer/core/instrument/binder/jvm/JvmMemoryMetricsCustomizer
Event: 7.710 loading class io/micrometer/core/instrument/binder/jvm/JvmMemoryMetricsCustomizer done
Event: 7.711 loading class io/micrometer/core/instrument/binder/jvm/JvmMemoryMetricsCustomizer
Event: 7.711 loading class io/micrometer/core/instrument/binder/jvm/JvmMemoryMetricsCustomizer done
Event: 7.712 loading class io/micrometer/core/instrument/binder/jvm/JvmMemoryMetricsCustomizer
Event: 7.712 loading class io/micrometer/core/instrument/binder/jvm/JvmMemoryMetricsCustomizer done
Event: 7.712 loading class io/micrometer/core/instrument/binder/MeterBinderCustomizer
Event: 7.712 loading class io/micrometer/core/instrument/binder/MeterBinderCustomizer done
Event: 7.713 loading class io/micrometer/core/instrument/binder/MeterBinderCustomizer
Event: 7.713 loading class io/micrometer/core/instrument/binder/MeterBinderCustomizer done


Dynamic libraries:
0x00007ff6ec970000 - 0x00007ff6ec9a7000 	C:\Program Files\Java\jre1.8.0_121\bin\javaw.exe
0x00007ffa34800000 - 0x00007ffa349e1000 	C:\WINDOWS\SYSTEM32\ntdll.dll
0x00007ffa33a40000 - 0x00007ffa33af2000 	C:\WINDOWS\System32\KERNEL32.DLL
0x00007ffa317d0000 - 0x00007ffa31a43000 	C:\WINDOWS\System32\KERNELBASE.dll
0x00007ffa34440000 - 0x00007ffa344e1000 	C:\WINDOWS\System32\ADVAPI32.dll
0x00007ffa34730000 - 0x00007ffa347ce000 	C:\WINDOWS\System32\msvcrt.dll
0x00007ffa31fc0000 - 0x00007ffa3201b000 	C:\WINDOWS\System32\sechost.dll
0x00007ffa33c20000 - 0x00007ffa33d44000 	C:\WINDOWS\System32\RPCRT4.dll
0x00007ffa32020000 - 0x00007ffa321b0000 	C:\WINDOWS\System32\USER32.dll
0x00007ffa31330000 - 0x00007ffa31350000 	C:\WINDOWS\System32\win32u.dll
0x00007ffa33be0000 - 0x00007ffa33c08000 	C:\WINDOWS\System32\GDI32.dll
0x00007ffa31a50000 - 0x00007ffa31be2000 	C:\WINDOWS\System32\gdi32full.dll
0x00007ffa31bf0000 - 0x00007ffa31c8f000 	C:\WINDOWS\System32\msvcp_win.dll
0x00007ffa31670000 - 0x00007ffa3176a000 	C:\WINDOWS\System32\ucrtbase.dll
0x00007ffa2ed50000 - 0x00007ffa2efb9000 	C:\WINDOWS\WinSxS\amd64_microsoft.windows.common-controls_6595b64144ccf1df_6.0.17134.407_none_fb449d63306391e9\COMCTL32.dll
0x00007ffa31c90000 - 0x00007ffa31fb2000 	C:\WINDOWS\System32\combase.dll
0x00007ffa31400000 - 0x00007ffa3147a000 	C:\WINDOWS\System32\bcryptPrimitives.dll
0x00007ffa34700000 - 0x00007ffa3472d000 	C:\WINDOWS\System32\IMM32.DLL
0x00007ffa309b0000 - 0x00007ffa30a0d000 	C:\Program Files\Citrix\System32\MfApHook64.dll
0x00007ffa2fef0000 - 0x00007ffa2ff1b000 	C:\Program Files\Citrix\ICAService\CtxDodHook64.dll
0x00007ffa308d0000 - 0x00007ffa30902000 	C:\Program Files\Citrix\ICAService\picaFullScreenHookX64.dll
0x00007ffa30310000 - 0x00007ffa3035e000 	C:\Program Files\Citrix\ICAService\ShellHook64.dll
0x00007ffa321b0000 - 0x00007ffa335ef000 	C:\WINDOWS\System32\SHELL32.dll
0x00007ffa312e0000 - 0x00007ffa31329000 	C:\WINDOWS\System32\cfgmgr32.dll
0x00007ffa34390000 - 0x00007ffa34439000 	C:\WINDOWS\System32\shcore.dll
0x00007ffa30bd0000 - 0x00007ffa312dd000 	C:\WINDOWS\System32\windows.storage.dll
0x00007ffa33b00000 - 0x00007ffa33b51000 	C:\WINDOWS\System32\shlwapi.dll
0x00007ffa30b40000 - 0x00007ffa30b51000 	C:\WINDOWS\System32\kernel.appcore.dll
0x00007ffa30bb0000 - 0x00007ffa30bcf000 	C:\WINDOWS\System32\profapi.dll
0x00007ffa30b60000 - 0x00007ffa30bac000 	C:\WINDOWS\System32\powrprof.dll
0x00007ffa30b10000 - 0x00007ffa30b1a000 	C:\WINDOWS\System32\FLTLIB.DLL
0x00007ffa30140000 - 0x00007ffa302bc000 	C:\Program Files\Citrix\ICAService\SCardHook64.dll
0x00007ffa2fe10000 - 0x00007ffa2fe3a000 	C:\Program Files\Citrix\ICAService\cxinjime64.dll
0x00007ffa2fdc0000 - 0x00007ffa2fe08000 	C:\Program Files\Citrix\ICAService\PicaWtsHook64.dll
0x00000000756e0000 - 0x00000000757b2000 	C:\Program Files\Java\jre1.8.0_121\bin\msvcr100.dll
0x00000000757c0000 - 0x000000007605b000 	C:\Program Files\Java\jre1.8.0_121\bin\server\jvm.dll
0x00007ffa33c10000 - 0x00007ffa33c18000 	C:\WINDOWS\System32\PSAPI.DLL
0x00007ffa2bd20000 - 0x00007ffa2bd43000 	C:\WINDOWS\SYSTEM32\WINMM.dll
0x00007ffa307c0000 - 0x00007ffa307ca000 	C:\WINDOWS\SYSTEM32\VERSION.dll
0x00007ffa2bcf0000 - 0x00007ffa2bd1a000 	C:\WINDOWS\SYSTEM32\winmmbase.dll
0x00007ffa21780000 - 0x00007ffa21789000 	C:\WINDOWS\SYSTEM32\WSOCK32.dll
0x00007ffa34690000 - 0x00007ffa346fc000 	C:\WINDOWS\System32\WS2_32.dll
0x0000000076680000 - 0x000000007668f000 	C:\Program Files\Java\jre1.8.0_121\bin\verify.dll
0x00000000762f0000 - 0x0000000076319000 	C:\Program Files\Java\jre1.8.0_121\bin\java.dll
0x00000000762d0000 - 0x00000000762e6000 	C:\Program Files\Java\jre1.8.0_121\bin\zip.dll
0x00000000761a0000 - 0x00000000761ad000 	C:\Program Files\Java\jre1.8.0_121\bin\management.dll
0x00000000762b0000 - 0x00000000762ca000 	C:\Program Files\Java\jre1.8.0_121\bin\net.dll
0x00007ffa2f7f0000 - 0x00007ffa2f856000 	C:\WINDOWS\system32\mswsock.dll
0x0000000076290000 - 0x00000000762a1000 	C:\Program Files\Java\jre1.8.0_121\bin\nio.dll
0x00007ffa24c10000 - 0x00007ffa24c26000 	C:\WINDOWS\system32\napinsp.dll
0x00007ffa24c30000 - 0x00007ffa24c4a000 	C:\WINDOWS\system32\pnrpnsp.dll
0x00007ffa280b0000 - 0x00007ffa280c9000 	C:\WINDOWS\system32\NLAapi.dll
0x00007ffa2f5c0000 - 0x00007ffa2f67e000 	C:\WINDOWS\SYSTEM32\DNSAPI.dll
0x00007ffa33ed0000 - 0x00007ffa33ed8000 	C:\WINDOWS\System32\NSI.dll
0x00007ffa2f580000 - 0x00007ffa2f5b8000 	C:\WINDOWS\SYSTEM32\IPHLPAPI.DLL
0x00007ffa24c50000 - 0x00007ffa24c5e000 	C:\WINDOWS\System32\winrnr.dll
0x00007ffa27bf0000 - 0x00007ffa27bfa000 	C:\Windows\System32\rasadhlp.dll
0x00007ffa28210000 - 0x00007ffa28282000 	C:\WINDOWS\System32\fwpuclnt.dll
0x00007ffa30380000 - 0x00007ffa303a5000 	C:\WINDOWS\SYSTEM32\bcrypt.dll
0x00007ffa2f9b0000 - 0x00007ffa2f9c7000 	C:\WINDOWS\SYSTEM32\CRYPTSP.dll
0x00007ffa2f3e0000 - 0x00007ffa2f413000 	C:\WINDOWS\system32\rsaenh.dll
0x00007ffa30a40000 - 0x00007ffa30a68000 	C:\WINDOWS\SYSTEM32\USERENV.dll
0x00007ffa2f9a0000 - 0x00007ffa2f9ab000 	C:\WINDOWS\SYSTEM32\CRYPTBASE.dll
0x00007ffa27ed0000 - 0x00007ffa27ee6000 	C:\WINDOWS\SYSTEM32\dhcpcsvc6.DLL
0x00007ffa27eb0000 - 0x00007ffa27eca000 	C:\WINDOWS\SYSTEM32\dhcpcsvc.DLL

VM Arguments:
jvm_args: -Dcom.sun.management.jmxremote -Dcom.sun.management.jmxremote.port=61324 -Dcom.sun.management.jmxremote.authenticate=false -Dcom.sun.management.jmxremote.ssl=false -Djava.rmi.server.hostname=localhost -Dspring.liveBeansView.mbeanDomain -Dspring.application.admin.enabled=true -Xverify:none -XX:TieredStopAtLevel=1 -Dfile.encoding=UTF-8 
java_command: com.moneymoney.web.WebsiteApplication --spring.output.ansi.enabled=always
java_class_path (initial): C:\Users\venpuram\Desktop\Bank_App eureka config server\website bankapp\target\classes;C:\Users\venpuram\.m2\repository\org\springframework\boot\spring-boot-starter-actuator\2.1.2.RELEASE\spring-boot-starter-actuator-2.1.2.RELEASE.jar;C:\Users\venpuram\.m2\repository\org\springframework\boot\spring-boot-starter\2.1.2.RELEASE\spring-boot-starter-2.1.2.RELEASE.jar;C:\Users\venpuram\.m2\repository\org\springframework\boot\spring-boot\2.1.2.RELEASE\spring-boot-2.1.2.RELEASE.jar;C:\Users\venpuram\.m2\repository\org\springframework\boot\spring-boot-autoconfigure\2.1.2.RELEASE\spring-boot-autoconfigure-2.1.2.RELEASE.jar;C:\Users\venpuram\.m2\repository\org\springframework\boot\spring-boot-starter-logging\2.1.2.RELEASE\spring-boot-starter-logging-2.1.2.RELEASE.jar;C:\Users\venpuram\.m2\repository\ch\qos\logback\logback-classic\1.2.3\logback-classic-1.2.3.jar;C:\Users\venpuram\.m2\repository\ch\qos\logback\logback-core\1.2.3\logback-core-1.2.3.jar;C:\Users\venpuram\.m2\repository\org\apache\logging\log4j\log4j-to-slf4j\2.11.1\log4j-to-slf4j-2.11.1.jar;C:\Users\venpuram\.m2\repository\org\apache\logging\log4j\log4j-api\2.11.1\log4j-api-2.11.1.jar;C:\Users\venpuram\.m2\repository\org\slf4j\jul-to-slf4j\1.7.25\jul-to-slf4j-1.7.25.jar;C:\Users\venpuram\.m2\repository\javax\annotation\javax.annotation-api\1.3.2\javax.annotation-api-1.3.2.jar;C:\Users\venpuram\.m2\repository\org\yaml\snakeyaml\1.23\snakeyaml-1.23.jar;C:\Users\venpuram\.m2\repository\org\springframework\boot\spring-boot-actuator-autoconfigure\2.1.2.RELEASE\spring-boot-actuator-autoconfigure-2.1.2.RELEASE.jar;C:\Users\venpuram\.m2\repository\org\springframework\boot\spring-boot-actuator\2.1.2.RELEASE\spring-boot-actuator-2.1.2.RELEASE.jar;C:\Users\venpuram\.m2\repository\org\springframework\spring-context\5.1.4.RELEASE\spring-context-5.1.4.RELEASE.jar;C:\Users\venpuram\.m2\repository\com\fasterxml\jackson\datatype\jackson-datatype-jsr310\2.9.8\jackson-datatype-jsr310-2.9.8.jar;C:\Users\v
Launcher Type: SUN_STANDARD

Environment Variables:
PATH=C:/Program Files/Java/jre1.8.0_121/bin/server;C:/Program Files/Java/jre1.8.0_121/bin;C:/Program Files/Java/jre1.8.0_121/lib/amd64;C:\Python34\;C:\Python34\Scripts;C:\oraclexe\app\oracle\product\11.2.0\server\bin;C:\ProgramData\Oracle\Java\javapath;C:\WINDOWS\system32;C:\WINDOWS;C:\WINDOWS\System32\Wbem;C:\WINDOWS\System32\WindowsPowerShell\v1.0\;C:\Program Files\TortoiseSVN\bin;C:\Program Files\nodejs\;C:\Program Files\Git\cmd;C:\Program Files (x86)\Microsoft SQL Server\110\Tools\Binn\ManagementStudio\;C:\Program Files (x86)\Microsoft SQL Server\110\Tools\Binn\;C:\Program Files (x86)\Microsoft SQL Server\110\DTS\Binn\;C:\Program Files\Citrix\System32\;C:\Program Files\Citrix\ICAService\;C:\WINDOWS\System32\OpenSSH\;C:\Users\venpuram\AppData\Local\Microsoft\WindowsApps;;C:\Users\venpuram\Downloads\spring-tool-suite-3.9.7.RELEASE-e4.10.0-win32-x86_64\sts-bundle\sts-3.9.7.RELEASE;
USERNAME=venpuram
OS=Windows_NT
PROCESSOR_IDENTIFIER=Intel64 Family 15 Model 6 Stepping 1, GenuineIntel



---------------  S Y S T E M  ---------------

OS: Windows 10.0 , 64 bit Build 17134 (10.0.17134.1)

CPU:total 4 (2 cores per cpu, 1 threads per core) family 15 model 6 stepping 1, cmov, cx8, fxsr, mmx, sse, sse2, sse3, ssse3, sse4.1, sse4.2, popcnt, avx, avx2, aes, clmul, erms, rtm, 3dnowpref, lzcnt, tsc, bmi1, bmi2, adx

Memory: 4k page, physical 8388056k(296124k free), swap 18697796k(672k free)

vm_info: Java HotSpot(TM) 64-Bit Server VM (25.121-b13) for windows-amd64 JRE (1.8.0_121-b13), built on Dec 12 2016 18:21:36 by "java_re" with MS VC++ 10.0 (VS2010)

time: Thu Jan 24 16:21:54 2019
elapsed time: 7 seconds (0d 0h 0m 7s)

